[debug] [2022-11-29T15:22:30.801Z] ----------------------------------------------------------------------
[debug] [2022-11-29T15:22:30.804Z] Command:       C:\Program Files\nodejs\node.exe C:\Users\teemo\AppData\Roaming\npm\node_modules\firebase-tools\lib\bin\firebase.js init
[debug] [2022-11-29T15:22:30.804Z] CLI Version:   11.14.4
[debug] [2022-11-29T15:22:30.805Z] Platform:      win32
[debug] [2022-11-29T15:22:30.805Z] Node Version:  v16.18.0
[debug] [2022-11-29T15:22:30.806Z] Time:          Tue Nov 29 2022 12:22:30 GMT-0300 (Horário Padrão de Brasília)
[debug] [2022-11-29T15:22:30.806Z] ----------------------------------------------------------------------
[debug] 
[debug] [2022-11-29T15:22:30.816Z] > command requires scopes: ["email","openid","https://www.googleapis.com/auth/cloudplatformprojects.readonly","https://www.googleapis.com/auth/firebase","https://www.googleapis.com/auth/cloud-platform"]
[debug] [2022-11-29T15:22:30.816Z] > authorizing via signed-in user (joeytafolla123@gmail.com)
[info] 
     ######## #### ########  ######## ########     ###     ######  ########
     ##        ##  ##     ## ##       ##     ##  ##   ##  ##       ##
     ######    ##  ########  ######   ########  #########  ######  ######
     ##        ##  ##    ##  ##       ##     ## ##     ##       ## ##
     ##       #### ##     ## ######## ########  ##     ##  ######  ########

You're about to initialize a Firebase project in this directory:

  C:\Users\teemo\source\abhtml

[info] 
=== Project Setup
[info] 
[info] First, let's associate this project directory with a Firebase project.
[info] You can create multiple project aliases by running firebase use --add, 
[info] but for now we'll just set up a default project.
[info] 
[debug] [2022-11-29T15:23:15.500Z] > refreshing access token with scopes: []
[debug] [2022-11-29T15:23:15.504Z] >>> [apiv2][query] POST https://www.googleapis.com/oauth2/v3/token [none]
[debug] [2022-11-29T15:23:15.504Z] >>> [apiv2][body] POST https://www.googleapis.com/oauth2/v3/token [omitted]
[debug] [2022-11-29T15:23:15.771Z] <<< [apiv2][status] POST https://www.googleapis.com/oauth2/v3/token 200
[debug] [2022-11-29T15:23:15.772Z] <<< [apiv2][body] POST https://www.googleapis.com/oauth2/v3/token [omitted]
[debug] [2022-11-29T15:23:15.783Z] >>> [apiv2][query] GET https://firebase.googleapis.com/v1beta1/projects pageSize=100
[debug] [2022-11-29T15:23:16.529Z] <<< [apiv2][status] GET https://firebase.googleapis.com/v1beta1/projects 200
[debug] [2022-11-29T15:23:16.529Z] <<< [apiv2][body] GET https://firebase.googleapis.com/v1beta1/projects [omitted]
[info] i  Using project volupia-music (volupia-music) 
[info] 
=== Hosting Setup
[info] 
[info] Your public directory is the folder (relative to your project directory) that
[info] will contain Hosting assets to be uploaded with firebase deploy. If you
[info] have a build process for your assets, use your build's output directory.
[info] 
